<?xml version="1.0" encoding="utf-8"?><testsuites name="pytest tests"><testsuite name="pytest" errors="0" failures="0" skipped="0" tests="5" time="4.297" timestamp="2026-08-26T11:36:06.760759+00:00" hostname="agent-env-22bb70c4-fca5-40d3-ac65-2fef8d34cdbe"><testcase classname="tests.test_iter4.TestPublicAdvisories" name="test_public_advisories_shape" time="0.644" /><testcase classname="tests.test_iter4.TestAlerts" name="test_alerts_gov" time="0.761" /><testcase classname="tests.test_iter4.TestAlerts" name="test_alerts_logistics" time="0.750" /><testcase classname="tests.test_iter4.TestDeliveries" name="test_list_deliveries_logistics" time="0.126" /><testcase classname="tests.test_iter4.TestPropagation" name="test_field_report_alerts_verify_public" time="3.192" /></testsuite></testsuites>