<?xml version="1.0" encoding="utf-8"?><testsuites name="pytest tests"><testsuite name="pytest" errors="0" failures="3" skipped="0" tests="58" time="80.125" timestamp="2026-08-26T14:40:45.873469+00:00" hostname="agent-env-22bb70c4-fca5-40d3-ac65-2fef8d34cdbe"><testcase classname="tests.test_iter6" name="test_routes_calculate_pairs[guwahati-silchar]" time="2.302" /><testcase classname="tests.test_iter8" name="test_driver_role_is_driver" time="2.330" /><testcase classname="tests.test_iter6" name="test_routes_calculate_pairs[imphal-agartala]" time="1.833" /><testcase classname="tests.test_iter8" name="test_trip_created_active" time="1.083" /><testcase classname="tests.test_iter8" name="test_trips_list_driver_shows_own" time="1.124" /><testcase classname="tests.test_iter6" name="test_routes_calculate_pairs[pasighat-aizawl]" time="1.652" /><testcase classname="tests.test_iter8" name="test_trips_summary_gov" time="0.196" /><testcase classname="tests.test_iter8" name="test_trips_summary_field" time="0.210" /><testcase classname="tests.test_iter8" name="test_trips_summary_logistics_403" time="0.176" /><testcase classname="tests.test_iter8" name="test_trips_summary_public_403" time="0.213" /><testcase classname="tests.test_iter8" name="test_ai_escalations_gov_creates_sh9" time="0.235"><failure message="AssertionError: no PENDING escalation for rd-sh9. escalations=[{'id': 'ESC-0F1007', 'road_id': 'rd-sh9', 'road_name': 'SH-9 Silchar–Aizawl', 'hazard': 'FLOOD', 'probability': 0.78, 'status': 'AUTO_BLOCKED', 'created_at': '2026-08-26T14:34:40.669493+00:00', 'deadline_at': '2026-08-26T14:39:40.669493+00:00'}, {'id': 'ESC-388BB6', 'road_id': 'rd-sh9', 'road_name': 'SH-9 Silchar-Aizawl', 'hazard': 'FLOOD', 'probability': 0.78, 'status': 'AUTO_BLOCKED', 'created_at': '2026-08-26T14:19:36.541095+00:00', 'deadline_at': '2026-08-26T14:24:36.541095+00:00'}]&#10;assert []">tests/test_iter8.py:100: in test_ai_escalations_gov_creates_sh9
    assert sh9_pending, f"no PENDING escalation for rd-sh9. escalations={escs}"
E   AssertionError: no PENDING escalation for rd-sh9. escalations=[{'id': 'ESC-0F1007', 'road_id': 'rd-sh9', 'road_name': 'SH-9 Silchar–Aizawl', 'hazard': 'FLOOD', 'probability': 0.78, 'status': 'AUTO_BLOCKED', 'created_at': '2026-08-26T14:34:40.669493+00:00', 'deadline_at': '2026-08-26T14:39:40.669493+00:00'}, {'id': 'ESC-388BB6', 'road_id': 'rd-sh9', 'road_name': 'SH-9 Silchar-Aizawl', 'hazard': 'FLOOD', 'probability': 0.78, 'status': 'AUTO_BLOCKED', 'created_at': '2026-08-26T14:19:36.541095+00:00', 'deadline_at': '2026-08-26T14:24:36.541095+00:00'}]
E   assert []</failure></testcase><testcase classname="tests.test_iter8" name="test_ai_escalations_logistics_403" time="0.172" /><testcase classname="tests.test_iter8" name="test_ai_escalations_public_403" time="0.211" /><testcase classname="tests.test_iter6" name="test_routes_unknown_place_returns_400" time="0.648" /><testcase classname="tests.test_iter8" name="test_ack_public_403" time="0.273" /><testcase classname="tests.test_iter8" name="test_monitor_ack_does_not_block" time="0.295" /><testcase classname="tests.test_iter6" name="test_routes_blocked_never_in_open_segments" time="1.365" /><testcase classname="tests.test_iter8" name="test_block_now_ack_blocks_road" time="3.344" /><testcase classname="tests.test_iter6" name="test_token_award_on_verify" time="1.606" /><testcase classname="tests.test_iter6" name="test_field_officer_can_verify_public_report" time="1.904" /><testcase classname="tests.test_iter8" name="test_auto_block_sweep" time="3.149" /><testcase classname="tests.test_iter6" name="test_ban_flow_on_reject" time="1.793" /><testcase classname="tests.test_iter8" name="test_end_trip" time="0.197" /><testcase classname="tests.test_iter3.TestRoadControl" name="test_patch_unauth" time="0.268" /><testcase classname="tests.test_iter3.TestRoutes" name="test_places" time="0.548" /><testcase classname="tests.test_iter3.TestRoutes" name="test_calculate_unauth" time="0.281" /><testcase classname="tests.test_iter3.TestRoutes" name="test_calculate_clean_tezpur_jorhat" time="0.945" /><testcase classname="tests.test_iter3.TestRoadControl" name="test_patch_forbidden_logistics" time="0.679" /><testcase classname="tests.test_iter3.TestRoadControl" name="test_patch_invalid_status" time="0.555" /><testcase classname="tests.test_iter3.TestRoadControl" name="test_patch_not_found" time="0.210" /><testcase classname="tests.test_iter3.TestRoutes" name="test_calculate_blocked_guwahati_shillong" time="0.868" /><testcase classname="tests.test_iter3.TestRoadControl" name="test_patch_success_and_persistence" time="0.336" /><testcase classname="tests.test_iter3.TestHazardML" name="test_flood_predict" time="0.170" /><testcase classname="tests.test_iter3.TestHazardML" name="test_landslide_predict" time="0.182" /><testcase classname="tests.test_iter3.TestHazardML" name="test_corridor_flood_predictions" time="0.194" /><testcase classname="tests.test_iter3.TestRoutes" name="test_calculate_unknown_place" time="0.169" /><testcase classname="tests.test_iter3.TestHazardML" name="test_corridor_landslide_predictions" time="0.194" /><testcase classname="tests.test_iter3.TestRoutes" name="test_calculate_same_origin_dest" time="0.186" /><testcase classname="tests.test_iter3.TestHazardML" name="test_unknown_hazard_404" time="0.203" /><testcase classname="tests.test_iter3.TestRoutes" name="test_calculate_invalid_vehicle" time="0.206" /><testcase classname="tests.test_dashboard" name="test_dashboard_requires_auth" time="0.377" /><testcase classname="tests.test_iter3.TestVehicles" name="test_list_vehicles" time="0.164" /><testcase classname="tests.test_iter3.TestVehicles" name="test_get_vehicle" time="0.237" /><testcase classname="tests.test_iter3.TestVehicles" name="test_get_vehicle_404" time="0.306" /><testcase classname="tests.test_dashboard" name="test_dashboard_gov_admin_shape" time="0.579"><failure message="AssertionError: assert 12 == 8&#10; +  where 12 = len([{'id': 'NER-13302', 'type': 'UNKNOWN', 'severity': 'WARNING', 'title': 'TEST_iter4 propagation report - please verify', ...}, {'id': 'NER-89652', 'type': 'ROAD_DAMAGE', 'severity': 'INFO', 'title': 'TEST_iter6 pothole', ...}, {'id': 'NER-B20E7', 'type': 'FLOOD', 'severity': 'WARNING', 'title': 'TEST_iter6 field verify', ...}, {'id': 'NER-0C3F0', 'type': 'ACCIDENT', 'severity': 'INFO', 'title': 'TEST_iter6 will be rejected', ...}, {'id': 'NER-20481', 'type': 'LANDSLIDE', 'severity': 'CRITICAL', 'title': 'Landslide Risk', ...}, {'id': 'NER-20479', 'type': 'FLOOD', 'severity': 'HIGH', 'title': 'Flood Probability Rising', ...}, ...])">tests/test_dashboard.py:52: in test_dashboard_gov_admin_shape
    assert len(incidents) == 8
E   AssertionError: assert 12 == 8
E    +  where 12 = len([{'id': 'NER-13302', 'type': 'UNKNOWN', 'severity': 'WARNING', 'title': 'TEST_iter4 propagation report - please verify', ...}, {'id': 'NER-89652', 'type': 'ROAD_DAMAGE', 'severity': 'INFO', 'title': 'TEST_iter6 pothole', ...}, {'id': 'NER-B20E7', 'type': 'FLOOD', 'severity': 'WARNING', 'title': 'TEST_iter6 field verify', ...}, {'id': 'NER-0C3F0', 'type': 'ACCIDENT', 'severity': 'INFO', 'title': 'TEST_iter6 will be rejected', ...}, {'id': 'NER-20481', 'type': 'LANDSLIDE', 'severity': 'CRITICAL', 'title': 'Landslide Risk', ...}, {'id': 'NER-20479', 'type': 'FLOOD', 'severity': 'HIGH', 'title': 'Flood Probability Rising', ...}, ...])</failure></testcase><testcase classname="tests.test_dashboard" name="test_dashboard_kpi_values" time="0.250"><failure message="assert 4 == 3">tests/test_dashboard.py:69: in test_dashboard_kpi_values
    assert kpis["at_risk_corridors"] == 3
E   assert 4 == 3</failure></testcase><testcase classname="tests.test_iter3.TestAudit" name="test_audit_forbidden_logistics" time="0.772" /><testcase classname="tests.test_iter3.TestAudit" name="test_audit_gov_returns_entries" time="0.139" /><testcase classname="tests.test_dashboard" name="test_dashboard_logistics_can_read" time="0.620" /><testcase classname="tests.test_iter4.TestAlerts" name="test_alerts_gov" time="0.689" /><testcase classname="tests.test_iter4.TestPublicAdvisories" name="test_public_advisories_shape" time="0.700" /><testcase classname="tests.test_iter4.TestAlerts" name="test_alerts_logistics" time="0.675" /><testcase classname="tests.test_iter4.TestDeliveries" name="test_list_deliveries_logistics" time="0.955" /><testcase classname="tests.test_iter4.TestPropagation" name="test_field_report_alerts_verify_public" time="4.362" /><testcase classname="tests.test_iter5.TestPublicReportPipeline" name="test_public_creates_report" time="4.597" /><testcase classname="tests.test_iter5.TestEmergencyZones" name="test_create_and_rbac_and_audit" time="55.112" /><testcase classname="tests.test_iter5.TestNotifications" name="test_broadcast_and_rbac" time="45.118" /><testcase classname="tests.test_iter5.TestAlertKinds" name="test_all_kinds_visible_to_gov" time="0.178" /></testsuite></testsuites>