<?xml version="1.0" encoding="utf-8"?><testsuites name="pytest tests"><testsuite name="pytest" errors="0" failures="0" skipped="0" tests="4" time="6.471" timestamp="2026-08-26T11:55:27.906020+00:00" hostname="agent-env-22bb70c4-fca5-40d3-ac65-2fef8d34cdbe"><testcase classname="tests.test_iter5.TestPublicReportPipeline" name="test_public_creates_report" time="4.465" /><testcase classname="tests.test_iter5.TestNotifications" name="test_broadcast_and_rbac" time="3.611" /><testcase classname="tests.test_iter5.TestAlertKinds" name="test_all_kinds_visible_to_gov" time="0.159" /><testcase classname="tests.test_iter5.TestEmergencyZones" name="test_create_and_rbac_and_audit" time="1.520" /></testsuite></testsuites>