<?xml version="1.0" encoding="utf-8"?><testsuites name="pytest tests"><testsuite name="pytest" errors="0" failures="0" skipped="0" tests="8" time="7.661" timestamp="2026-08-26T12:29:10.096675+00:00" hostname="agent-env-22bb70c4-fca5-40d3-ac65-2fef8d34cdbe"><testcase classname="tests.test_iter6" name="test_routes_calculate_pairs[guwahati-silchar]" time="0.668" /><testcase classname="tests.test_iter6" name="test_routes_calculate_pairs[imphal-agartala]" time="0.559" /><testcase classname="tests.test_iter6" name="test_routes_calculate_pairs[pasighat-aizawl]" time="0.630" /><testcase classname="tests.test_iter6" name="test_routes_unknown_place_returns_400" time="0.514" /><testcase classname="tests.test_iter6" name="test_routes_blocked_never_in_open_segments" time="0.560" /><testcase classname="tests.test_iter6" name="test_token_award_on_verify" time="1.581" /><testcase classname="tests.test_iter6" name="test_field_officer_can_verify_public_report" time="1.546" /><testcase classname="tests.test_iter6" name="test_ban_flow_on_reject" time="1.548" /></testsuite></testsuites>