<?xml version="1.0" encoding="utf-8"?><testsuites name="pytest tests"><testsuite name="pytest" errors="0" failures="0" skipped="0" tests="4" time="1.957" timestamp="2026-08-26T10:57:00.100907+00:00" hostname="agent-env-22bb70c4-fca5-40d3-ac65-2fef8d34cdbe"><testcase classname="tests.test_dashboard" name="test_dashboard_requires_auth" time="0.282" /><testcase classname="tests.test_dashboard" name="test_dashboard_gov_admin_shape" time="0.542" /><testcase classname="tests.test_dashboard" name="test_dashboard_kpi_values" time="0.146" /><testcase classname="tests.test_dashboard" name="test_dashboard_logistics_can_read" time="0.497" /></testsuite></testsuites>