<?xml version="1.0" encoding="utf-8"?><testsuites name="pytest tests"><testsuite name="pytest" errors="0" failures="0" skipped="0" tests="15" time="11.251" timestamp="2026-08-26T14:15:56.505075+00:00" hostname="agent-env-22bb70c4-fca5-40d3-ac65-2fef8d34cdbe"><testcase classname="tests.test_iter8" name="test_driver_role_is_driver" time="2.066" /><testcase classname="tests.test_iter8" name="test_trip_created_active" time="1.044" /><testcase classname="tests.test_iter8" name="test_trips_list_driver_shows_own" time="0.732" /><testcase classname="tests.test_iter8" name="test_trips_summary_gov" time="0.188" /><testcase classname="tests.test_iter8" name="test_trips_summary_field" time="0.171" /><testcase classname="tests.test_iter8" name="test_trips_summary_logistics_403" time="0.145" /><testcase classname="tests.test_iter8" name="test_trips_summary_public_403" time="0.124" /><testcase classname="tests.test_iter8" name="test_ai_escalations_gov_creates_sh9" time="0.169" /><testcase classname="tests.test_iter8" name="test_ai_escalations_logistics_403" time="0.190" /><testcase classname="tests.test_iter8" name="test_ai_escalations_public_403" time="0.147" /><testcase classname="tests.test_iter8" name="test_ack_public_403" time="0.161" /><testcase classname="tests.test_iter8" name="test_monitor_ack_does_not_block" time="0.452" /><testcase classname="tests.test_iter8" name="test_block_now_ack_blocks_road" time="2.348" /><testcase classname="tests.test_iter8" name="test_auto_block_sweep" time="2.383" /><testcase classname="tests.test_iter8" name="test_end_trip" time="0.202" /></testsuite></testsuites>