<?xml version="1.0" encoding="utf-8"?><testsuites name="pytest tests"><testsuite name="pytest" errors="0" failures="0" skipped="0" tests="22" time="3.468" timestamp="2026-08-26T11:34:06.203921+00:00" hostname="agent-env-22bb70c4-fca5-40d3-ac65-2fef8d34cdbe"><testcase classname="tests.test_iter3.TestRoadControl" name="test_patch_unauth" time="0.515" /><testcase classname="tests.test_iter3.TestRoutes" name="test_places" time="0.615" /><testcase classname="tests.test_iter3.TestRoutes" name="test_calculate_unauth" time="0.279" /><testcase classname="tests.test_iter3.TestRoutes" name="test_calculate_clean_tezpur_jorhat" time="0.114" /><testcase classname="tests.test_iter3.TestRoadControl" name="test_patch_forbidden_logistics" time="0.601" /><testcase classname="tests.test_iter3.TestRoutes" name="test_calculate_blocked_guwahati_shillong" time="0.136" /><testcase classname="tests.test_iter3.TestRoutes" name="test_calculate_unknown_place" time="0.127" /><testcase classname="tests.test_iter3.TestRoutes" name="test_calculate_same_origin_dest" time="0.244" /><testcase classname="tests.test_iter3.TestRoadControl" name="test_patch_invalid_status" time="0.541" /><testcase classname="tests.test_iter3.TestRoutes" name="test_calculate_invalid_vehicle" time="0.137" /><testcase classname="tests.test_iter3.TestHazardML" name="test_flood_predict" time="0.129" /><testcase classname="tests.test_iter3.TestRoadControl" name="test_patch_not_found" time="0.136" /><testcase classname="tests.test_iter3.TestHazardML" name="test_landslide_predict" time="0.110" /><testcase classname="tests.test_iter3.TestRoadControl" name="test_patch_success_and_persistence" time="0.320" /><testcase classname="tests.test_iter3.TestHazardML" name="test_corridor_flood_predictions" time="0.133" /><testcase classname="tests.test_iter3.TestHazardML" name="test_corridor_landslide_predictions" time="0.147" /><testcase classname="tests.test_iter3.TestVehicles" name="test_list_vehicles" time="0.167" /><testcase classname="tests.test_iter3.TestHazardML" name="test_unknown_hazard_404" time="0.115" /><testcase classname="tests.test_iter3.TestVehicles" name="test_get_vehicle" time="0.126" /><testcase classname="tests.test_iter3.TestVehicles" name="test_get_vehicle_404" time="0.266" /><testcase classname="tests.test_iter3.TestAudit" name="test_audit_forbidden_logistics" time="0.554" /><testcase classname="tests.test_iter3.TestAudit" name="test_audit_gov_returns_entries" time="0.137" /></testsuite></testsuites>